<?xml version="1.0" encoding="UTF-8"?>
<!-- Generated by org.testng.reporters.JUnitReportReporter -->
<testsuite hostname="Deshan" failures="0" tests="5" name="com.qa.practice.tests.UI_Page_Test" time="11.693" errors="0" timestamp="06 Jun 2021 15:50:48 GMT" skipped="0">
  <testcase classname="com.qa.practice.tests.UI_Page_Test" name="inputTest" time="2.446"/>
  <testcase classname="com.qa.practice.tests.UI_Page_Test" name="buttonTest" time="0.538"/>
  <testcase classname="com.qa.practice.tests.UI_Page_Test" name="selectTest" time="0.961"/>
  <testcase classname="com.qa.practice.tests.UI_Page_Test" name="AlertTest" time="6.090"/>
  <testcase classname="com.qa.practice.tests.UI_Page_Test" name="FramesTest" time="1.658"/>
</testsuite> <!-- com.qa.practice.tests.UI_Page_Test -->
